[2024-10-22T12:05:13.682Z] Parsed Data: {
  "transactionId": "5Tnb29ttHee2XVWrjNPMp2YfVyymAn9ghGPCAoXL484CV1zeXbsQszGdFUeevjjzqsbM8ndxw1gohvMMok9Tuuw2",
  "slot": 297031587,
  "blockTime": 1729591302,
  "fee": 5000,
  "transactionType": "Unknown",
  "tokens": [],
  "pairs": []
}
[2024-10-22T12:05:15.636Z] Parsed Data: {
  "transactionId": "59Mb6UmCPxqoK3JKmzt246ys74Yw7ozbY13y1PDojSzDf6tQX9nvCeLfbCRcHhGwqBDCA6CMXaE9kq4MowEBH5SC",
  "slot": 297047382,
  "blockTime": 1729598680,
  "fee": 5000,
  "transactionType": "Unknown",
  "tokens": [
    {
      "mint": "So11111111111111111111111111111111111111112",
      "owner": "5Q544fKrFoe6tsEbD7S8EmxGTJYAKtTVhAW5Q5pge4j1",
      "amountChange": -838056314,
      "decimals": 9,
      "normalizedAmount": -0.838056314,
      "action": "Sell"
    },
    {
      "mint": "HaL8cPcEZgwLaCbwyf6aAPh7rhw7iHck22zFXSNjpump",
      "owner": "5Q544fKrFoe6tsEbD7S8EmxGTJYAKtTVhAW5Q5pge4j1",
      "amountChange": 4471452090516,
      "decimals": 6,
      "normalizedAmount": 4471452.090516,
      "action": "Buy"
    },
    {
      "mint": "So11111111111111111111111111111111111111112",
      "owner": "CxZBPPbJhx7XsUoGv2FGdcZbP13Jqefokp4qzfjAWUVq",
      "amountChange": -4047919750792,
      "decimals": 9,
      "normalizedAmount": -4047.919750792,
      "action": "Sell"
    }
  ],
  "pairs": [
    {
      "buy": {
        "mint": "HaL8cPcEZgwLaCbwyf6aAPh7rhw7iHck22zFXSNjpump",
        "owner": "5Q544fKrFoe6tsEbD7S8EmxGTJYAKtTVhAW5Q5pge4j1",
        "amountChange": 4471452090516,
        "decimals": 6,
        "normalizedAmount": 4471452.090516,
        "action": "Buy"
      },
      "sell": {
        "mint": "So11111111111111111111111111111111111111112",
        "owner": "5Q544fKrFoe6tsEbD7S8EmxGTJYAKtTVhAW5Q5pge4j1",
        "amountChange": -838056314,
        "decimals": 9,
        "normalizedAmount": -0.838056314,
        "action": "Sell"
      }
    }
  ]
}
